<?xml version="1.0" encoding="UTF-8"?>
<testng-results skipped="0" failed="0" total="1" passed="1">
  <reporter-output>
  </reporter-output>
  <suite name="Suite" duration-ms="10565" started-at="2020-07-12T04:35:17Z" finished-at="2020-07-12T04:35:28Z">
    <groups>
    </groups>
    <test name="Test" duration-ms="10565" started-at="2020-07-12T04:35:17Z" finished-at="2020-07-12T04:35:28Z">
      <class name="automation.crawData">
        <test-method status="PASS" signature="Crawl_01()[pri:0, instance:automation.crawData@272113c4]" name="Crawl_01" duration-ms="10518" started-at="2020-07-12T13:35:17Z" finished-at="2020-07-12T13:35:28Z">
          <reporter-output>
          </reporter-output>
        </test-method> <!-- Crawl_01 -->
      </class> <!-- automation.crawData -->
    </test> <!-- Test -->
  </suite> <!-- Suite -->
</testng-results>
